<?xml version="1.0" encoding="UTF-8"?>
<testng-results total="2" passed="2" failed="0" skipped="0">
  <reporter-output>
  </reporter-output>
  <suite started-at="2022-03-16T09:03:06Z" name="Default suite" finished-at="2022-03-16T09:03:18Z" duration-ms="12493">
    <groups>
    </groups>
    <test started-at="2022-03-16T09:03:06Z" name="Default test" finished-at="2022-03-16T09:03:18Z" duration-ms="12493">
      <class name="RestTesting.Ecommers">
        <test-method signature="Login()[pri:1, instance:RestTesting.Ecommers@5a5338df]" started-at="2022-03-16T14:33:06Z" name="Login" finished-at="2022-03-16T14:33:15Z" duration-ms="9784" status="PASS">
          <reporter-output>
          </reporter-output>
        </test-method> <!-- Login -->
        <test-method signature="Getallusers()[pri:2, instance:RestTesting.Ecommers@5a5338df]" started-at="2022-03-16T14:33:15Z" name="Getallusers" finished-at="2022-03-16T14:33:18Z" duration-ms="2679" status="PASS">
          <reporter-output>
          </reporter-output>
        </test-method> <!-- Getallusers -->
      </class> <!-- RestTesting.Ecommers -->
    </test> <!-- Default test -->
  </suite> <!-- Default suite -->
</testng-results>
