<?xml version="1.0" encoding="UTF-8"?>
<testng-results skipped="0" failed="0" total="2" passed="2">
  <reporter-output>
  </reporter-output>
  <suite name="Surefire suite" duration-ms="12230" started-at="2022-03-16T08:49:14Z" finished-at="2022-03-16T08:49:26Z">
    <groups>
    </groups>
    <test name="Surefire test" duration-ms="12230" started-at="2022-03-16T08:49:14Z" finished-at="2022-03-16T08:49:26Z">
      <class name="RestTesting.Ecommers">
        <test-method status="PASS" signature="Login()[pri:1, instance:RestTesting.Ecommers@5a61f5df]" name="Login" duration-ms="9456" started-at="2022-03-16T14:19:14Z" finished-at="2022-03-16T14:19:23Z">
          <reporter-output>
          </reporter-output>
        </test-method> <!-- Login -->
        <test-method status="PASS" signature="Getallusers()[pri:2, instance:RestTesting.Ecommers@5a61f5df]" name="Getallusers" duration-ms="2734" started-at="2022-03-16T14:19:23Z" finished-at="2022-03-16T14:19:26Z">
          <reporter-output>
          </reporter-output>
        </test-method> <!-- Getallusers -->
      </class> <!-- RestTesting.Ecommers -->
    </test> <!-- Surefire test -->
  </suite> <!-- Surefire suite -->
</testng-results>
